[01m[K/home/hansukim/ros2_ws/src/my_cpp_pkg/src/robot_news_station.cpp:[m[K In constructor â€˜[01m[KRobotNewsStationNode::RobotNewsStationNode()[m[Kâ€™:
[01m[K/home/hansukim/ros2_ws/src/my_cpp_pkg/src/robot_news_station.cpp:28:31:[m[K [01;31m[Kerror: [m[Kinvalid use of non-static member function â€˜[01m[Kvoid RobotNewsStationNode::Publish_start()[m[Kâ€™
   28 |         [01;31m[KRobotNewsStationNode::Publish_start[m[K;
      |         [01;31m[K~~~~~~~~~~~~~~~~~~~~~~^~~~~~~~~~~~~[m[K
[01m[K/home/hansukim/ros2_ws/src/my_cpp_pkg/src/robot_news_station.cpp:17:10:[m[K [01;36m[Knote: [m[Kdeclared here
   17 |     void [01;36m[KPublish_start[m[K()
      |          [01;36m[K^~~~~~~~~~~~~[m[K
gmake[2]: *** [CMakeFiles/robot_news_station.dir/build.make:76: CMakeFiles/robot_news_station.dir/src/robot_news_station.cpp.o] ì˜¤ë¥˜ 1
gmake[1]: *** [CMakeFiles/Makefile2:167: CMakeFiles/robot_news_station.dir/all] ì˜¤ë¥˜ 2
gmake[1]: *** ëë‚˜ì§€ ì•Šì€ ì‘ì—…ì„ ê¸°ë‹¤ë¦¬ê³  ìˆìŠµë‹ˆë‹¤....
gmake: *** [Makefile:146: all] ì˜¤ë¥˜ 2
