[0.197s] Invoking command in '/home/hansukim/ros2_ws/build/my_cpp_pkg': CMAKE_PREFIX_PATH=${CMAKE_PREFIX_PATH}:/home/hansukim/ros2_ws/install/my_py_pkg:/opt/ros/humble /usr/bin/cmake --build /home/hansukim/ros2_ws/build/my_cpp_pkg -- -j8 -l8
[0.273s] [35m[1mConsolidate compiler generated dependencies of target robot_news_station[0m
[0.296s] [ 50%] Built target my_first_node
[0.296s] [ 66%] Built target smartphone
[0.305s] [ 83%] [32mBuilding CXX object CMakeFiles/robot_news_station.dir/src/robot_news_station.cpp.o[0m
[4.820s] [01m[K/home/hansukim/ros2_ws/src/my_cpp_pkg/src/robot_news_station.cpp:[m[K In constructor â€˜[01m[KRobotNewsStationNode::RobotNewsStationNode()[m[Kâ€™:
[4.820s] [01m[K/home/hansukim/ros2_ws/src/my_cpp_pkg/src/robot_news_station.cpp:28:31:[m[K [01;31m[Kerror: [m[Kinvalid use of non-static member function â€˜[01m[Kvoid RobotNewsStationNode::Publish_start()[m[Kâ€™
[4.820s]    28 |         [01;31m[KRobotNewsStationNode::Publish_start[m[K;
[4.820s]       |         [01;31m[K~~~~~~~~~~~~~~~~~~~~~~^~~~~~~~~~~~~[m[K
[4.820s] [01m[K/home/hansukim/ros2_ws/src/my_cpp_pkg/src/robot_news_station.cpp:17:10:[m[K [01;36m[Knote: [m[Kdeclared here
[4.820s]    17 |     void [01;36m[KPublish_start[m[K()
[4.821s]       |          [01;36m[K^~~~~~~~~~~~~[m[K
[6.519s] gmake[2]: *** [CMakeFiles/robot_news_station.dir/build.make:76: CMakeFiles/robot_news_station.dir/src/robot_news_station.cpp.o] ì˜¤ë¥˜ 1
[6.519s] gmake[1]: *** [CMakeFiles/Makefile2:167: CMakeFiles/robot_news_station.dir/all] ì˜¤ë¥˜ 2
[6.519s] gmake: *** [Makefile:146: all] ì˜¤ë¥˜ 2
[6.523s] Invoked command in '/home/hansukim/ros2_ws/build/my_cpp_pkg' returned '2': CMAKE_PREFIX_PATH=${CMAKE_PREFIX_PATH}:/home/hansukim/ros2_ws/install/my_py_pkg:/opt/ros/humble /usr/bin/cmake --build /home/hansukim/ros2_ws/build/my_cpp_pkg -- -j8 -l8
